[0m15:09:59.305289 [debug] [MainThread]: Sending event: {'category': 'dbt', 'action': 'invocation', 'label': 'start', 'context': [<snowplow_tracker.self_describing_json.SelfDescribingJson object at 0x7d3fd32bdb20>, <snowplow_tracker.self_describing_json.SelfDescribingJson object at 0x7d3fd468a9c0>, <snowplow_tracker.self_describing_json.SelfDescribingJson object at 0x7d3fd2ef3980>]}


============================== 15:09:59.337552 | 408e4352-1a9e-4d20-8302-68a08a1febcb ==============================
[0m15:09:59.337552 [info ] [MainThread]: Running with dbt=1.11.9
[0m15:09:59.338011 [debug] [MainThread]: running dbt with arguments {'partial_parse': 'True', 'version_check': 'True', 'empty': 'None', 'use_colors': 'True', 'static_parser': 'True', 'no_print': 'None', 'fail_fast': 'False', 'quiet': 'False', 'send_anonymous_usage_stats': 'True', 'invocation_command': 'dbt deps', 'log_cache_events': 'False', 'cache_selected_only': 'False', 'log_path': '/home/xeon0x/Projects/CATTERALL/logs', 'write_json': 'True', 'printer_width': '80', 'profiles_dir': '/home/xeon0x/.dbt', 'use_experimental_parser': 'False', 'debug': 'False', 'warn_error': 'None', 'indirect_selection': 'eager', 'target_path': 'None', 'log_format': 'default', 'introspect': 'True', 'warn_error_options': 'WarnErrorOptionsV2(error=[], warn=[], silence=[])'}
[0m15:09:59.413234 [debug] [MainThread]: Sending event: {'category': 'dbt', 'action': 'project_id', 'label': '408e4352-1a9e-4d20-8302-68a08a1febcb', 'context': [<snowplow_tracker.self_describing_json.SelfDescribingJson object at 0x7d3fd2a082f0>]}
[0m15:09:59.454921 [debug] [MainThread]: Set downloads directory='/tmp/dbt-downloads-ma0mmhcu'
[0m15:09:59.455466 [debug] [MainThread]: Making package index registry request: GET https://hub.getdbt.com/api/v1/index.json
[0m15:09:59.573625 [debug] [MainThread]: Response from registry index: GET https://hub.getdbt.com/api/v1/index.json 200
[0m15:09:59.574893 [debug] [MainThread]: Making package registry request: GET https://hub.getdbt.com/api/v1/dbt-labs/dbt_utils.json
[0m15:09:59.618487 [debug] [MainThread]: Response from registry: GET https://hub.getdbt.com/api/v1/dbt-labs/dbt_utils.json 200
[0m15:09:59.625955 [info ] [MainThread]: Updating lock file in file path: /home/xeon0x/Projects/CATTERALL/package-lock.yml
[0m15:09:59.627590 [debug] [MainThread]: Set downloads directory='/tmp/dbt-downloads-_mh9bd0i'
[0m15:09:59.629557 [info ] [MainThread]: Installing dbt-labs/dbt_utils
[0m15:09:59.910793 [info ] [MainThread]: Installed from version 1.3.3
[0m15:09:59.911275 [info ] [MainThread]: Up to date!
[0m15:09:59.911684 [debug] [MainThread]: Sending event: {'category': 'dbt', 'action': 'package', 'label': '408e4352-1a9e-4d20-8302-68a08a1febcb', 'property_': 'install', 'context': [<snowplow_tracker.self_describing_json.SelfDescribingJson object at 0x7d3fd2870230>, <snowplow_tracker.self_describing_json.SelfDescribingJson object at 0x7d3fd28721b0>]}
[0m15:09:59.912360 [debug] [MainThread]: Resource report: {"command_name": "deps", "command_success": true, "command_wall_clock_time": 0.64548665, "process_in_blocks": "1512", "process_kernel_time": 0.088885, "process_mem_max_rss": "123816", "process_out_blocks": "4432", "process_user_time": 1.003574}
[0m15:09:59.912765 [debug] [MainThread]: Command `dbt deps` succeeded at 15:09:59.912707 after 0.65 seconds
[0m15:09:59.913075 [debug] [MainThread]: Sending event: {'category': 'dbt', 'action': 'invocation', 'label': 'end', 'context': [<snowplow_tracker.self_describing_json.SelfDescribingJson object at 0x7d3fd43120c0>, <snowplow_tracker.self_describing_json.SelfDescribingJson object at 0x7d3fd355ee40>, <snowplow_tracker.self_describing_json.SelfDescribingJson object at 0x7d3fd32bdbb0>]}
[0m15:09:59.913379 [debug] [MainThread]: Flushing usage events
[0m15:10:00.348672 [debug] [MainThread]: An error was encountered while trying to flush usage events
[0m15:10:17.211879 [debug] [MainThread]: Sending event: {'category': 'dbt', 'action': 'invocation', 'label': 'start', 'context': [<snowplow_tracker.self_describing_json.SelfDescribingJson object at 0x7f42d7c5ed20>, <snowplow_tracker.self_describing_json.SelfDescribingJson object at 0x7f42d6d55df0>, <snowplow_tracker.self_describing_json.SelfDescribingJson object at 0x7f42d63cfda0>]}


============================== 15:10:17.213986 | 154c315a-9c70-4e75-b8d2-03853fa24b24 ==============================
[0m15:10:17.213986 [info ] [MainThread]: Running with dbt=1.11.9
[0m15:10:17.214486 [debug] [MainThread]: running dbt with arguments {'profiles_dir': '/home/xeon0x/.dbt', 'introspect': 'True', 'printer_width': '80', 'invocation_command': 'dbt init', 'write_json': 'True', 'partial_parse': 'True', 'quiet': 'False', 'debug': 'False', 'indirect_selection': 'eager', 'log_cache_events': 'False', 'no_print': 'None', 'empty': 'None', 'send_anonymous_usage_stats': 'True', 'static_parser': 'True', 'version_check': 'True', 'fail_fast': 'False', 'log_format': 'default', 'warn_error_options': 'WarnErrorOptionsV2(error=[], warn=[], silence=[])', 'cache_selected_only': 'False', 'use_colors': 'True', 'use_experimental_parser': 'False', 'warn_error': 'None', 'target_path': 'None', 'log_path': '/home/xeon0x/Projects/CATTERALL/logs'}
[0m15:10:17.226929 [info ] [MainThread]: Creating dbt configuration folder at /home/xeon0x/.dbt
[0m15:10:17.228399 [info ] [MainThread]: Setting up your profile.
[0m15:10:21.389507 [error] [MainThread]: Encountered an error:

[0m15:10:21.391036 [error] [MainThread]: Traceback (most recent call last):
  File "/home/xeon0x/Projects/CATTERALL/.venv/lib/python3.12/site-packages/dbt/cli/requires.py", line 182, in wrapper
    result, success = func(*args, **kwargs)
                      ^^^^^^^^^^^^^^^^^^^^^
  File "/home/xeon0x/Projects/CATTERALL/.venv/lib/python3.12/site-packages/dbt/cli/requires.py", line 128, in wrapper
    return func(*args, **kwargs)
           ^^^^^^^^^^^^^^^^^^^^^
  File "/home/xeon0x/Projects/CATTERALL/.venv/lib/python3.12/site-packages/dbt/cli/main.py", line 488, in init
    results = task.run()
              ^^^^^^^^^^
  File "/home/xeon0x/Projects/CATTERALL/.venv/lib/python3.12/site-packages/dbt/task/init.py", line 320, in run
    self.setup_profile(profile_name)
  File "/home/xeon0x/Projects/CATTERALL/.venv/lib/python3.12/site-packages/dbt/task/init.py", line 261, in setup_profile
    adapter = self.ask_for_adapter_choice()
              ^^^^^^^^^^^^^^^^^^^^^^^^^^^^^
  File "/home/xeon0x/Projects/CATTERALL/.venv/lib/python3.12/site-packages/dbt/task/init.py", line 242, in ask_for_adapter_choice
    numeric_choice = click.prompt(prompt_msg, type=click.INT)
                     ^^^^^^^^^^^^^^^^^^^^^^^^^^^^^^^^^^^^^^^^
  File "/home/xeon0x/Projects/CATTERALL/.venv/lib/python3.12/site-packages/click/termui.py", line 218, in prompt
    value = prompt_func(prompt)
            ^^^^^^^^^^^^^^^^^^^
  File "/home/xeon0x/Projects/CATTERALL/.venv/lib/python3.12/site-packages/click/termui.py", line 201, in prompt_func
    raise Abort() from None
click.exceptions.Abort

[0m15:10:21.391953 [debug] [MainThread]: Resource report: {"command_name": "init", "command_success": false, "command_wall_clock_time": 4.2159724, "process_in_blocks": "32", "process_kernel_time": 0.072293, "process_mem_max_rss": "104088", "process_out_blocks": "96", "process_user_time": 0.815419}
[0m15:10:21.392613 [debug] [MainThread]: Command `dbt init` failed at 15:10:21.392517 after 4.22 seconds
[0m15:10:21.393200 [debug] [MainThread]: Sending event: {'category': 'dbt', 'action': 'invocation', 'label': 'end', 'context': [<snowplow_tracker.self_describing_json.SelfDescribingJson object at 0x7f42d5d7ff80>, <snowplow_tracker.self_describing_json.SelfDescribingJson object at 0x7f42d5b2fb00>, <snowplow_tracker.self_describing_json.SelfDescribingJson object at 0x7f42d5140830>]}
[0m15:10:21.393768 [debug] [MainThread]: Flushing usage events
[0m15:10:21.794993 [debug] [MainThread]: An error was encountered while trying to flush usage events
